  [1m[36m (1.8ms)[0m  [1mCREATE TABLE "schema_migrations" ("version" varchar(255) NOT NULL) [0m
  [1m[35m (1.7ms)[0m  CREATE UNIQUE INDEX "unique_schema_migrations" ON "schema_migrations" ("version")
  [1m[36mActiveRecord::SchemaMigration Load (0.2ms)[0m  [1mSELECT "schema_migrations".* FROM "schema_migrations"[0m
Migrating to CreateUsers (20140525023722)
  [1m[35m (0.1ms)[0m  begin transaction
  [1m[36m (0.6ms)[0m  [1mCREATE TABLE "users" ("id" INTEGER PRIMARY KEY AUTOINCREMENT NOT NULL, "email" varchar(255), "birthdate" date, "height" integer, "first_name" varchar(255), "last_name" varchar(255), "created_at" datetime, "updated_at" datetime) [0m
  [1m[35mSQL (0.2ms)[0m  INSERT INTO "schema_migrations" ("version") VALUES (?)  [["version", "20140525023722"]]
  [1m[36m (2.0ms)[0m  [1mcommit transaction[0m
  [1m[35mActiveRecord::SchemaMigration Load (0.2ms)[0m  SELECT "schema_migrations".* FROM "schema_migrations"
  [1m[36m (2.5ms)[0m  [1mCREATE TABLE "users" ("id" INTEGER PRIMARY KEY AUTOINCREMENT NOT NULL, "email" varchar(255), "birthdate" date, "height" integer, "first_name" varchar(255), "last_name" varchar(255), "created_at" datetime, "updated_at" datetime) [0m
  [1m[35m (1.7ms)[0m  CREATE TABLE "schema_migrations" ("version" varchar(255) NOT NULL) 
  [1m[36m (1.9ms)[0m  [1mCREATE UNIQUE INDEX "unique_schema_migrations" ON "schema_migrations" ("version")[0m
  [1m[35m (0.2ms)[0m  SELECT version FROM "schema_migrations"
  [1m[36m (2.3ms)[0m  [1mINSERT INTO "schema_migrations" (version) VALUES ('20140525023722')[0m
  [1m[36mActiveRecord::SchemaMigration Load (0.2ms)[0m  [1mSELECT "schema_migrations".* FROM "schema_migrations"[0m
Migrating to AddDeviseToUsers (20140603052141)
  [1m[35m (0.1ms)[0m  begin transaction
  [1m[36m (0.7ms)[0m  [1mALTER TABLE "users" ADD "email" varchar(255) DEFAULT '' NOT NULL[0m
SQLite3::SQLException: duplicate column name: email: ALTER TABLE "users" ADD "email" varchar(255) DEFAULT '' NOT NULL
  [1m[35m (0.1ms)[0m  rollback transaction
  [1m[36mActiveRecord::SchemaMigration Load (0.1ms)[0m  [1mSELECT "schema_migrations".* FROM "schema_migrations"[0m
Migrating to AddDeviseToUsers (20140603052141)
  [1m[35m (0.1ms)[0m  begin transaction
  [1m[36m (1.4ms)[0m  [1mALTER TABLE "users" ADD "encrypted_password" varchar(255) DEFAULT '' NOT NULL[0m
  [1m[35m (0.3ms)[0m  ALTER TABLE "users" ADD "reset_password_token" varchar(255)
  [1m[36m (0.2ms)[0m  [1mALTER TABLE "users" ADD "reset_password_sent_at" datetime[0m
  [1m[35m (0.2ms)[0m  ALTER TABLE "users" ADD "remember_created_at" datetime
  [1m[36m (0.3ms)[0m  [1mALTER TABLE "users" ADD "sign_in_count" integer DEFAULT 0 NOT NULL[0m
  [1m[35m (0.3ms)[0m  ALTER TABLE "users" ADD "current_sign_in_at" datetime
  [1m[36m (0.3ms)[0m  [1mALTER TABLE "users" ADD "last_sign_in_at" datetime[0m
  [1m[35m (0.3ms)[0m  ALTER TABLE "users" ADD "current_sign_in_ip" varchar(255)
  [1m[36m (0.2ms)[0m  [1mALTER TABLE "users" ADD "last_sign_in_ip" varchar(255)[0m
  [1m[35m (1.3ms)[0m  CREATE UNIQUE INDEX "index_users_on_email" ON "users" ("email")
  [1m[36m (0.2ms)[0m  [1mCREATE UNIQUE INDEX "index_users_on_reset_password_token" ON "users" ("reset_password_token")[0m
  [1m[35mSQL (0.2ms)[0m  INSERT INTO "schema_migrations" ("version") VALUES (?)  [["version", "20140603052141"]]
  [1m[36m (2.1ms)[0m  [1mcommit transaction[0m
  [1m[35mActiveRecord::SchemaMigration Load (0.2ms)[0m  SELECT "schema_migrations".* FROM "schema_migrations"
  [1m[36m (1.7ms)[0m  [1mCREATE TABLE "users" ("id" INTEGER PRIMARY KEY AUTOINCREMENT NOT NULL, "email" varchar(255), "birthdate" date, "height" integer, "first_name" varchar(255), "last_name" varchar(255), "created_at" datetime, "updated_at" datetime, "encrypted_password" varchar(255) DEFAULT '' NOT NULL, "reset_password_token" varchar(255), "reset_password_sent_at" datetime, "remember_created_at" datetime, "sign_in_count" integer DEFAULT 0 NOT NULL, "current_sign_in_at" datetime, "last_sign_in_at" datetime, "current_sign_in_ip" varchar(255), "last_sign_in_ip" varchar(255)) [0m
  [1m[35m (1.6ms)[0m  CREATE UNIQUE INDEX "index_users_on_email" ON "users" ("email")
  [1m[36m (1.6ms)[0m  [1mCREATE UNIQUE INDEX "index_users_on_reset_password_token" ON "users" ("reset_password_token")[0m
  [1m[35m (1.9ms)[0m  CREATE TABLE "schema_migrations" ("version" varchar(255) NOT NULL) 
  [1m[36m (2.0ms)[0m  [1mCREATE UNIQUE INDEX "unique_schema_migrations" ON "schema_migrations" ("version")[0m
  [1m[35m (0.1ms)[0m  SELECT version FROM "schema_migrations"
  [1m[36m (2.2ms)[0m  [1mINSERT INTO "schema_migrations" (version) VALUES ('20140603052141')[0m
  [1m[35m (2.7ms)[0m  INSERT INTO "schema_migrations" (version) VALUES ('20140525023722')
  [1m[36m (2.1ms)[0m  [1mCREATE TABLE "users" ("id" INTEGER PRIMARY KEY AUTOINCREMENT NOT NULL, "email" varchar(255), "birthdate" date, "height" integer, "first_name" varchar(255), "last_name" varchar(255), "created_at" datetime, "updated_at" datetime, "encrypted_password" varchar(255) DEFAULT '' NOT NULL, "reset_password_token" varchar(255), "reset_password_sent_at" datetime, "remember_created_at" datetime, "sign_in_count" integer DEFAULT 0 NOT NULL, "current_sign_in_at" datetime, "last_sign_in_at" datetime, "current_sign_in_ip" varchar(255), "last_sign_in_ip" varchar(255)) [0m
  [1m[35m (2.2ms)[0m  CREATE UNIQUE INDEX "index_users_on_email" ON "users" ("email")
  [1m[36m (2.2ms)[0m  [1mCREATE UNIQUE INDEX "index_users_on_reset_password_token" ON "users" ("reset_password_token")[0m
  [1m[35m (2.3ms)[0m  CREATE TABLE "schema_migrations" ("version" varchar(255) NOT NULL) 
  [1m[36m (2.5ms)[0m  [1mCREATE UNIQUE INDEX "unique_schema_migrations" ON "schema_migrations" ("version")[0m
  [1m[35m (0.1ms)[0m  SELECT version FROM "schema_migrations"
  [1m[36m (2.0ms)[0m  [1mINSERT INTO "schema_migrations" (version) VALUES ('20140603052141')[0m
  [1m[35m (3.5ms)[0m  INSERT INTO "schema_migrations" (version) VALUES ('20140525023722')
  [1m[36mActiveRecord::SchemaMigration Load (0.2ms)[0m  [1mSELECT "schema_migrations".* FROM "schema_migrations"[0m
  [1m[35mActiveRecord::SchemaMigration Load (0.1ms)[0m  SELECT "schema_migrations".* FROM "schema_migrations"
  [1m[36mActiveRecord::SchemaMigration Load (0.2ms)[0m  [1mSELECT "schema_migrations".* FROM "schema_migrations"[0m
  [1m[35mActiveRecord::SchemaMigration Load (0.1ms)[0m  SELECT "schema_migrations".* FROM "schema_migrations"
  [1m[36m (9.2ms)[0m  [1mCREATE TABLE "users" ("id" INTEGER PRIMARY KEY AUTOINCREMENT NOT NULL, "email" varchar(255), "birthdate" date, "height" integer, "first_name" varchar(255), "last_name" varchar(255), "created_at" datetime, "updated_at" datetime, "encrypted_password" varchar(255) DEFAULT '' NOT NULL, "reset_password_token" varchar(255), "reset_password_sent_at" datetime, "remember_created_at" datetime, "sign_in_count" integer DEFAULT 0 NOT NULL, "current_sign_in_at" datetime, "last_sign_in_at" datetime, "current_sign_in_ip" varchar(255), "last_sign_in_ip" varchar(255)) [0m
  [1m[35m (2.0ms)[0m  CREATE UNIQUE INDEX "index_users_on_email" ON "users" ("email")
  [1m[36m (2.0ms)[0m  [1mCREATE UNIQUE INDEX "index_users_on_reset_password_token" ON "users" ("reset_password_token")[0m
  [1m[35m (2.3ms)[0m  CREATE TABLE "schema_migrations" ("version" varchar(255) NOT NULL) 
  [1m[36m (2.1ms)[0m  [1mCREATE UNIQUE INDEX "unique_schema_migrations" ON "schema_migrations" ("version")[0m
  [1m[35m (0.1ms)[0m  SELECT version FROM "schema_migrations"
  [1m[36m (2.4ms)[0m  [1mINSERT INTO "schema_migrations" (version) VALUES ('20140603052141')[0m
  [1m[35m (2.8ms)[0m  INSERT INTO "schema_migrations" (version) VALUES ('20140525023722')


Started GET "/" for 127.0.0.1 at 2014-06-11 23:03:18 -0700
  [1m[36mActiveRecord::SchemaMigration Load (0.2ms)[0m  [1mSELECT "schema_migrations".* FROM "schema_migrations"[0m
Processing by HomesController#show as HTML
  Rendered homes/show.html.haml within layouts/application (5.8ms)
Completed 200 OK in 2495ms (Views: 2481.3ms | ActiveRecord: 0.0ms)


Started GET "/assets/application.css?body=1" for 127.0.0.1 at 2014-06-11 23:03:21 -0700


Started GET "/assets/root.css?body=1" for 127.0.0.1 at 2014-06-11 23:03:21 -0700


Started GET "/assets/jquery.js?body=1" for 127.0.0.1 at 2014-06-11 23:03:21 -0700


Started GET "/assets/jquery_ujs.js?body=1" for 127.0.0.1 at 2014-06-11 23:03:21 -0700


Started GET "/assets/turbolinks.js?body=1" for 127.0.0.1 at 2014-06-11 23:03:22 -0700


Started GET "/assets/application.js?body=1" for 127.0.0.1 at 2014-06-11 23:03:22 -0700


Started GET "/assets/root.js?body=1" for 127.0.0.1 at 2014-06-11 23:03:22 -0700


Started POST "/users/sign_in" for 127.0.0.1 at 2014-06-11 23:04:30 -0700
Processing by Devise::SessionsController#create as HTML
  Parameters: {"utf8"=>"✓", "authenticity_token"=>"43Xls8q7Oaoo69xO09FwLuU7f2D0j6dAWT48z2sAyko=", "user"=>{"email"=>"", "password"=>"[FILTERED]"}}
Completed 401 Unauthorized in 5ms
Processing by Devise::SessionsController#new as HTML
  Parameters: {"utf8"=>"✓", "authenticity_token"=>"43Xls8q7Oaoo69xO09FwLuU7f2D0j6dAWT48z2sAyko=", "user"=>{"email"=>"", "password"=>"[FILTERED]"}}
  Rendered /Users/one/.gem/ruby/2.1.1/gems/devise-3.2.4/app/views/devise/shared/_links.erb (1.7ms)
  Rendered /Users/one/.gem/ruby/2.1.1/gems/devise-3.2.4/app/views/devise/sessions/new.html.erb within layouts/application (66.5ms)
Completed 200 OK in 88ms (Views: 73.4ms | ActiveRecord: 0.4ms)


Started GET "/" for 127.0.0.1 at 2014-06-11 23:04:46 -0700
Processing by HomesController#show as HTML
  Rendered homes/show.html.haml within layouts/application (3.0ms)
Completed 200 OK in 10ms (Views: 9.2ms | ActiveRecord: 0.0ms)


Started GET "/assets/application.css?body=1" for 127.0.0.1 at 2014-06-11 23:04:46 -0700


Started GET "/assets/jquery.js?body=1" for 127.0.0.1 at 2014-06-11 23:04:46 -0700


Started GET "/assets/jquery_ujs.js?body=1" for 127.0.0.1 at 2014-06-11 23:04:46 -0700


Started GET "/assets/root.css?body=1" for 127.0.0.1 at 2014-06-11 23:04:46 -0700


Started GET "/assets/application.js?body=1" for 127.0.0.1 at 2014-06-11 23:04:46 -0700


Started GET "/assets/turbolinks.js?body=1" for 127.0.0.1 at 2014-06-11 23:04:46 -0700


Started GET "/assets/root.js?body=1" for 127.0.0.1 at 2014-06-11 23:04:46 -0700


Started GET "/" for 127.0.0.1 at 2014-06-11 23:05:53 -0700
Processing by HomesController#show as HTML
  Rendered homes/show.html.haml within layouts/application (4.8ms)
Completed 200 OK in 18ms (Views: 17.4ms | ActiveRecord: 0.0ms)


Started GET "/assets/application.css?body=1" for 127.0.0.1 at 2014-06-11 23:05:53 -0700


Started GET "/assets/root.css?body=1" for 127.0.0.1 at 2014-06-11 23:05:53 -0700


Started GET "/assets/jquery.js?body=1" for 127.0.0.1 at 2014-06-11 23:05:53 -0700


Started GET "/assets/jquery_ujs.js?body=1" for 127.0.0.1 at 2014-06-11 23:05:53 -0700


Started GET "/assets/turbolinks.js?body=1" for 127.0.0.1 at 2014-06-11 23:05:53 -0700


Started GET "/assets/root.js?body=1" for 127.0.0.1 at 2014-06-11 23:05:53 -0700


Started GET "/assets/application.js?body=1" for 127.0.0.1 at 2014-06-11 23:05:53 -0700


Started GET "/" for 127.0.0.1 at 2014-06-16 22:01:45 -0700
  [1m[36mActiveRecord::SchemaMigration Load (0.1ms)[0m  [1mSELECT "schema_migrations".* FROM "schema_migrations"[0m
Processing by HomesController#show as HTML
  Rendered homes/show.html.haml within layouts/application (6.8ms)
Completed 200 OK in 596ms (Views: 579.2ms | ActiveRecord: 0.0ms)


Started GET "/assets/application.css?body=1" for 127.0.0.1 at 2014-06-16 22:01:46 -0700


Started GET "/assets/root.css?body=1" for 127.0.0.1 at 2014-06-16 22:01:46 -0700


Started GET "/assets/jquery.js?body=1" for 127.0.0.1 at 2014-06-16 22:01:46 -0700


Started GET "/assets/turbolinks.js?body=1" for 127.0.0.1 at 2014-06-16 22:01:46 -0700


Started GET "/assets/jquery_ujs.js?body=1" for 127.0.0.1 at 2014-06-16 22:01:46 -0700


Started GET "/assets/application.js?body=1" for 127.0.0.1 at 2014-06-16 22:01:46 -0700


Started GET "/assets/root.js?body=1" for 127.0.0.1 at 2014-06-16 22:01:46 -0700
  [1m[36mUser Load (4.0ms)[0m  [1mSELECT "users".* FROM "users"[0m
  [1m[35m (0.2ms)[0m  begin transaction
  [1m[36mUser Exists (0.2ms)[0m  [1mSELECT 1 AS one FROM "users" WHERE "users"."email" = 'fake@here.com' LIMIT 1[0m
  [1m[35mUser Exists (0.1ms)[0m  SELECT 1 AS one FROM "users" WHERE "users"."email" = 'fake@here.com' LIMIT 1
Binary data inserted for `string` type on column `encrypted_password`
  [1m[36mSQL (17.3ms)[0m  [1mINSERT INTO "users" ("birthdate", "created_at", "email", "encrypted_password", "first_name", "height", "last_name", "updated_at") VALUES (?, ?, ?, ?, ?, ?, ?, ?)[0m  [["birthdate", Mon, 16 Jun 2014], ["created_at", Tue, 17 Jun 2014 05:04:23 UTC +00:00], ["email", "fake@here.com"], ["encrypted_password", "$2a$10$82eEYlYpmMdXCHZE52/me.cp4Cdx/G/o.Nor.8qdHAbjGUyXDcTQO"], ["first_name", "fake"], ["height", 5], ["last_name", "user"], ["updated_at", Tue, 17 Jun 2014 05:04:23 UTC +00:00]]
  [1m[35m (2.7ms)[0m  commit transaction
  [1m[36mUser Load (0.2ms)[0m  [1mSELECT "users".* FROM "users" ORDER BY "users"."id" ASC LIMIT 1[0m
  [1m[36mUser Load (0.3ms)[0m  [1mSELECT "users".* FROM "users" ORDER BY "users"."id" ASC LIMIT 1[0m
  [1m[36mUser Load (0.2ms)[0m  [1mSELECT "users".* FROM "users" ORDER BY "users"."id" ASC LIMIT 1[0m


Started POST "/users/sign_in" for 127.0.0.1 at 2014-06-16 22:09:05 -0700
Processing by Devise::SessionsController#create as HTML
  Parameters: {"utf8"=>"✓", "authenticity_token"=>"hnQxpiAXjKJkscZRs7QyypmJsBhjchulFXVuG5Gp7QE=", "user"=>{"email"=>"fake@here.com", "password"=>"[FILTERED]"}}
  [1m[35mUser Load (0.2ms)[0m  SELECT "users".* FROM "users" WHERE "users"."email" = 'fake@here.com' ORDER BY "users"."id" ASC LIMIT 1
  [1m[36m (0.1ms)[0m  [1mbegin transaction[0m
Binary data inserted for `string` type on column `last_sign_in_ip`
Binary data inserted for `string` type on column `current_sign_in_ip`
  [1m[35mSQL (17.1ms)[0m  UPDATE "users" SET "last_sign_in_at" = ?, "current_sign_in_at" = ?, "last_sign_in_ip" = ?, "current_sign_in_ip" = ?, "sign_in_count" = ?, "updated_at" = ? WHERE "users"."id" = 1  [["last_sign_in_at", Tue, 17 Jun 2014 05:09:05 UTC +00:00], ["current_sign_in_at", Tue, 17 Jun 2014 05:09:05 UTC +00:00], ["last_sign_in_ip", "127.0.0.1"], ["current_sign_in_ip", "127.0.0.1"], ["sign_in_count", 1], ["updated_at", Tue, 17 Jun 2014 05:09:05 UTC +00:00]]
  [1m[36m (2.1ms)[0m  [1mcommit transaction[0m
Redirected to http://localhost:3000/
Completed 302 Found in 234ms (ActiveRecord: 19.9ms)


Started GET "/" for 127.0.0.1 at 2014-06-16 22:09:05 -0700
Processing by HomesController#show as HTML
  Rendered homes/show.html.haml within layouts/application (2.2ms)
Completed 200 OK in 14ms (Views: 12.7ms | ActiveRecord: 0.0ms)


Started GET "/assets/jquery.js?body=1" for 127.0.0.1 at 2014-06-16 22:09:06 -0700


Started GET "/dashboard" for 127.0.0.1 at 2014-06-16 22:09:16 -0700

ActionController::RoutingError (No route matches [GET] "/dashboard"):
  actionpack (4.0.3) lib/action_dispatch/middleware/debug_exceptions.rb:21:in `call'
  actionpack (4.0.3) lib/action_dispatch/middleware/show_exceptions.rb:30:in `call'
  railties (4.0.3) lib/rails/rack/logger.rb:38:in `call_app'
  railties (4.0.3) lib/rails/rack/logger.rb:20:in `block in call'
  activesupport (4.0.3) lib/active_support/tagged_logging.rb:67:in `block in tagged'
  activesupport (4.0.3) lib/active_support/tagged_logging.rb:25:in `tagged'
  activesupport (4.0.3) lib/active_support/tagged_logging.rb:67:in `tagged'
  railties (4.0.3) lib/rails/rack/logger.rb:20:in `call'
  actionpack (4.0.3) lib/action_dispatch/middleware/request_id.rb:21:in `call'
  rack (1.5.2) lib/rack/methodoverride.rb:21:in `call'
  rack (1.5.2) lib/rack/runtime.rb:17:in `call'
  activesupport (4.0.3) lib/active_support/cache/strategy/local_cache.rb:83:in `call'
  rack (1.5.2) lib/rack/lock.rb:17:in `call'
  actionpack (4.0.3) lib/action_dispatch/middleware/static.rb:64:in `call'
  rack (1.5.2) lib/rack/sendfile.rb:112:in `call'
  railties (4.0.3) lib/rails/engine.rb:511:in `call'
  railties (4.0.3) lib/rails/application.rb:97:in `call'
  rack (1.5.2) lib/rack/lock.rb:17:in `call'
  rack (1.5.2) lib/rack/content_length.rb:14:in `call'
  rack (1.5.2) lib/rack/handler/webrick.rb:60:in `service'
  /Users/one/.rubies/ruby-2.1.1/lib/ruby/2.1.0/webrick/httpserver.rb:138:in `service'
  /Users/one/.rubies/ruby-2.1.1/lib/ruby/2.1.0/webrick/httpserver.rb:94:in `run'
  /Users/one/.rubies/ruby-2.1.1/lib/ruby/2.1.0/webrick/server.rb:295:in `block in start_thread'


  Rendered /Users/one/.gem/ruby/2.1.1/gems/actionpack-4.0.3/lib/action_dispatch/middleware/templates/rescues/_trace.erb (1.6ms)
  Rendered /Users/one/.gem/ruby/2.1.1/gems/actionpack-4.0.3/lib/action_dispatch/middleware/templates/routes/_route.html.erb (2.9ms)
  Rendered /Users/one/.gem/ruby/2.1.1/gems/actionpack-4.0.3/lib/action_dispatch/middleware/templates/routes/_table.html.erb (7.5ms)
  Rendered /Users/one/.gem/ruby/2.1.1/gems/actionpack-4.0.3/lib/action_dispatch/middleware/templates/rescues/routing_error.erb within rescues/layout (64.6ms)


Started GET "/dashboards" for 127.0.0.1 at 2014-06-16 22:09:28 -0700
Processing by DashboardsController#index as HTML
  [1m[35mUser Load (0.6ms)[0m  SELECT "users".* FROM "users" WHERE "users"."id" = 1 ORDER BY "users"."id" ASC LIMIT 1
Completed 200 OK in 3ms (ActiveRecord: 0.6ms)


Started GET "/dashboards" for 127.0.0.1 at 2014-06-16 22:09:47 -0700
Processing by DashboardsController#index as HTML
  [1m[36mUser Load (0.2ms)[0m  [1mSELECT "users".* FROM "users" WHERE "users"."id" = 1 ORDER BY "users"."id" ASC LIMIT 1[0m
Completed 500 Internal Server Error in 32ms

ActionView::MissingTemplate (Missing template dashboards/index, application/index with {:locale=>[:en], :formats=>[:html], :handlers=>[:erb, :builder, :raw, :ruby, :jbuilder, :haml]}. Searched in:
  * "/Users/one/Dropbox/Dev/lg/app/views"
  * "/Users/one/.gem/ruby/2.1.1/gems/devise-3.2.4/app/views"
):
  actionpack (4.0.3) lib/action_view/path_set.rb:46:in `find'
  actionpack (4.0.3) lib/action_view/lookup_context.rb:122:in `find'
  actionpack (4.0.3) lib/action_view/renderer/abstract_renderer.rb:18:in `find_template'
  actionpack (4.0.3) lib/action_view/renderer/template_renderer.rb:35:in `determine_template'
  actionpack (4.0.3) lib/action_view/renderer/template_renderer.rb:8:in `render'
  actionpack (4.0.3) lib/action_view/renderer/renderer.rb:42:in `render_template'
  actionpack (4.0.3) lib/action_view/renderer/renderer.rb:23:in `render'
  actionpack (4.0.3) lib/abstract_controller/rendering.rb:127:in `_render_template'
  actionpack (4.0.3) lib/action_controller/metal/streaming.rb:219:in `_render_template'
  actionpack (4.0.3) lib/abstract_controller/rendering.rb:120:in `render_to_body'
  actionpack (4.0.3) lib/action_controller/metal/rendering.rb:33:in `render_to_body'
  actionpack (4.0.3) lib/action_controller/metal/renderers.rb:26:in `render_to_body'
  actionpack (4.0.3) lib/abstract_controller/rendering.rb:97:in `render'
  actionpack (4.0.3) lib/action_controller/metal/rendering.rb:16:in `render'
  actionpack (4.0.3) lib/action_controller/metal/instrumentation.rb:41:in `block (2 levels) in render'
  activesupport (4.0.3) lib/active_support/core_ext/benchmark.rb:12:in `block in ms'
  /Users/one/.rubies/ruby-2.1.1/lib/ruby/2.1.0/benchmark.rb:294:in `realtime'
  activesupport (4.0.3) lib/active_support/core_ext/benchmark.rb:12:in `ms'
  actionpack (4.0.3) lib/action_controller/metal/instrumentation.rb:41:in `block in render'
  actionpack (4.0.3) lib/action_controller/metal/instrumentation.rb:84:in `cleanup_view_runtime'
  activerecord (4.0.3) lib/active_record/railties/controller_runtime.rb:25:in `cleanup_view_runtime'
  actionpack (4.0.3) lib/action_controller/metal/instrumentation.rb:40:in `render'
  actionpack (4.0.3) lib/action_controller/metal/implicit_render.rb:10:in `default_render'
  actionpack (4.0.3) lib/action_controller/metal/implicit_render.rb:5:in `send_action'
  actionpack (4.0.3) lib/abstract_controller/base.rb:189:in `process_action'
  actionpack (4.0.3) lib/action_controller/metal/rendering.rb:10:in `process_action'
  actionpack (4.0.3) lib/abstract_controller/callbacks.rb:18:in `block in process_action'
  activesupport (4.0.3) lib/active_support/callbacks.rb:413:in `_run__4013799309678394902__process_action__callbacks'
  activesupport (4.0.3) lib/active_support/callbacks.rb:80:in `run_callbacks'
  actionpack (4.0.3) lib/abstract_controller/callbacks.rb:17:in `process_action'
  actionpack (4.0.3) lib/action_controller/metal/rescue.rb:29:in `process_action'
  actionpack (4.0.3) lib/action_controller/metal/instrumentation.rb:31:in `block in process_action'
  activesupport (4.0.3) lib/active_support/notifications.rb:159:in `block in instrument'
  activesupport (4.0.3) lib/active_support/notifications/instrumenter.rb:20:in `instrument'
  activesupport (4.0.3) lib/active_support/notifications.rb:159:in `instrument'
  actionpack (4.0.3) lib/action_controller/metal/instrumentation.rb:30:in `process_action'
  actionpack (4.0.3) lib/action_controller/metal/params_wrapper.rb:245:in `process_action'
  activerecord (4.0.3) lib/active_record/railties/controller_runtime.rb:18:in `process_action'
  actionpack (4.0.3) lib/abstract_controller/base.rb:136:in `process'
  actionpack (4.0.3) lib/abstract_controller/rendering.rb:44:in `process'
  actionpack (4.0.3) lib/action_controller/metal.rb:195:in `dispatch'
  actionpack (4.0.3) lib/action_controller/metal/rack_delegation.rb:13:in `dispatch'
  actionpack (4.0.3) lib/action_controller/metal.rb:231:in `block in action'
  actionpack (4.0.3) lib/action_dispatch/routing/route_set.rb:80:in `call'
  actionpack (4.0.3) lib/action_dispatch/routing/route_set.rb:80:in `dispatch'
  actionpack (4.0.3) lib/action_dispatch/routing/route_set.rb:48:in `call'
  actionpack (4.0.3) lib/action_dispatch/journey/router.rb:71:in `block in call'
  actionpack (4.0.3) lib/action_dispatch/journey/router.rb:59:in `each'
  actionpack (4.0.3) lib/action_dispatch/journey/router.rb:59:in `call'
  actionpack (4.0.3) lib/action_dispatch/routing/route_set.rb:680:in `call'
  warden (1.2.3) lib/warden/manager.rb:35:in `block in call'
  warden (1.2.3) lib/warden/manager.rb:34:in `catch'
  warden (1.2.3) lib/warden/manager.rb:34:in `call'
  rack (1.5.2) lib/rack/etag.rb:23:in `call'
  rack (1.5.2) lib/rack/conditionalget.rb:25:in `call'
  rack (1.5.2) lib/rack/head.rb:11:in `call'
  actionpack (4.0.3) lib/action_dispatch/middleware/params_parser.rb:27:in `call'
  actionpack (4.0.3) lib/action_dispatch/middleware/flash.rb:241:in `call'
  rack (1.5.2) lib/rack/session/abstract/id.rb:225:in `context'
  rack (1.5.2) lib/rack/session/abstract/id.rb:220:in `call'
  actionpack (4.0.3) lib/action_dispatch/middleware/cookies.rb:486:in `call'
  activerecord (4.0.3) lib/active_record/query_cache.rb:36:in `call'
  activerecord (4.0.3) lib/active_record/connection_adapters/abstract/connection_pool.rb:626:in `call'
  activerecord (4.0.3) lib/active_record/migration.rb:369:in `call'
  actionpack (4.0.3) lib/action_dispatch/middleware/callbacks.rb:29:in `block in call'
  activesupport (4.0.3) lib/active_support/callbacks.rb:373:in `_run__544829012412290316__call__callbacks'
  activesupport (4.0.3) lib/active_support/callbacks.rb:80:in `run_callbacks'
  actionpack (4.0.3) lib/action_dispatch/middleware/callbacks.rb:27:in `call'
  actionpack (4.0.3) lib/action_dispatch/middleware/reloader.rb:64:in `call'
  actionpack (4.0.3) lib/action_dispatch/middleware/remote_ip.rb:76:in `call'
  actionpack (4.0.3) lib/action_dispatch/middleware/debug_exceptions.rb:17:in `call'
  actionpack (4.0.3) lib/action_dispatch/middleware/show_exceptions.rb:30:in `call'
  railties (4.0.3) lib/rails/rack/logger.rb:38:in `call_app'
  railties (4.0.3) lib/rails/rack/logger.rb:20:in `block in call'
  activesupport (4.0.3) lib/active_support/tagged_logging.rb:67:in `block in tagged'
  activesupport (4.0.3) lib/active_support/tagged_logging.rb:25:in `tagged'
  activesupport (4.0.3) lib/active_support/tagged_logging.rb:67:in `tagged'
  railties (4.0.3) lib/rails/rack/logger.rb:20:in `call'
  actionpack (4.0.3) lib/action_dispatch/middleware/request_id.rb:21:in `call'
  rack (1.5.2) lib/rack/methodoverride.rb:21:in `call'
  rack (1.5.2) lib/rack/runtime.rb:17:in `call'
  activesupport (4.0.3) lib/active_support/cache/strategy/local_cache.rb:83:in `call'
  rack (1.5.2) lib/rack/lock.rb:17:in `call'
  actionpack (4.0.3) lib/action_dispatch/middleware/static.rb:64:in `call'
  rack (1.5.2) lib/rack/sendfile.rb:112:in `call'
  railties (4.0.3) lib/rails/engine.rb:511:in `call'
  railties (4.0.3) lib/rails/application.rb:97:in `call'
  rack (1.5.2) lib/rack/lock.rb:17:in `call'
  rack (1.5.2) lib/rack/content_length.rb:14:in `call'
  rack (1.5.2) lib/rack/handler/webrick.rb:60:in `service'
  /Users/one/.rubies/ruby-2.1.1/lib/ruby/2.1.0/webrick/httpserver.rb:138:in `service'
  /Users/one/.rubies/ruby-2.1.1/lib/ruby/2.1.0/webrick/httpserver.rb:94:in `run'
  /Users/one/.rubies/ruby-2.1.1/lib/ruby/2.1.0/webrick/server.rb:295:in `block in start_thread'


  Rendered /Users/one/.gem/ruby/2.1.1/gems/actionpack-4.0.3/lib/action_dispatch/middleware/templates/rescues/missing_template.erb within rescues/layout (0.7ms)
  [1m[36mActiveRecord::SchemaMigration Load (0.1ms)[0m  [1mSELECT "schema_migrations".* FROM "schema_migrations"[0m
  [1m[35mActiveRecord::SchemaMigration Load (0.1ms)[0m  SELECT "schema_migrations".* FROM "schema_migrations"
  [1m[36m (1.8ms)[0m  [1mCREATE TABLE "users" ("id" INTEGER PRIMARY KEY AUTOINCREMENT NOT NULL, "email" varchar(255), "birthdate" date, "height" integer, "first_name" varchar(255), "last_name" varchar(255), "created_at" datetime, "updated_at" datetime, "encrypted_password" varchar(255) DEFAULT '' NOT NULL, "reset_password_token" varchar(255), "reset_password_sent_at" datetime, "remember_created_at" datetime, "sign_in_count" integer DEFAULT 0 NOT NULL, "current_sign_in_at" datetime, "last_sign_in_at" datetime, "current_sign_in_ip" varchar(255), "last_sign_in_ip" varchar(255)) [0m
  [1m[35m (1.6ms)[0m  CREATE UNIQUE INDEX "index_users_on_email" ON "users" ("email")
  [1m[36m (1.7ms)[0m  [1mCREATE UNIQUE INDEX "index_users_on_reset_password_token" ON "users" ("reset_password_token")[0m
  [1m[35m (1.8ms)[0m  CREATE TABLE "schema_migrations" ("version" varchar(255) NOT NULL) 
  [1m[36m (2.4ms)[0m  [1mCREATE UNIQUE INDEX "unique_schema_migrations" ON "schema_migrations" ("version")[0m
  [1m[35m (0.2ms)[0m  SELECT version FROM "schema_migrations"
  [1m[36m (2.0ms)[0m  [1mINSERT INTO "schema_migrations" (version) VALUES ('20140603052141')[0m
  [1m[35m (2.0ms)[0m  INSERT INTO "schema_migrations" (version) VALUES ('20140525023722')


Started GET "/dashboards" for 127.0.0.1 at 2014-06-16 22:21:58 -0700
Processing by DashboardsController#index as HTML
  [1m[35mUser Load (0.1ms)[0m  SELECT "users".* FROM "users" WHERE "users"."id" = 1 ORDER BY "users"."id" ASC LIMIT 1
  Rendered dashboards/index.html.haml within layouts/application (0.9ms)
Completed 200 OK in 21ms (Views: 6.3ms | ActiveRecord: 0.7ms)


Started GET "/assets/application.css?body=1" for 127.0.0.1 at 2014-06-16 22:21:59 -0700


Started GET "/assets/root.css?body=1" for 127.0.0.1 at 2014-06-16 22:21:59 -0700


Started GET "/assets/jquery.js?body=1" for 127.0.0.1 at 2014-06-16 22:21:59 -0700


Started GET "/assets/root.js?body=1" for 127.0.0.1 at 2014-06-16 22:21:59 -0700


Started GET "/assets/jquery_ujs.js?body=1" for 127.0.0.1 at 2014-06-16 22:21:59 -0700


Started GET "/assets/turbolinks.js?body=1" for 127.0.0.1 at 2014-06-16 22:21:59 -0700


Started GET "/assets/application.js?body=1" for 127.0.0.1 at 2014-06-16 22:21:59 -0700


Started GET "/dashboards" for 127.0.0.1 at 2014-06-17 07:34:36 -0700
  [1m[36mActiveRecord::SchemaMigration Load (0.2ms)[0m  [1mSELECT "schema_migrations".* FROM "schema_migrations"[0m
Processing by DashboardsController#index as HTML
  [1m[35mUser Load (0.3ms)[0m  SELECT "users".* FROM "users" WHERE "users"."id" = 1 ORDER BY "users"."id" ASC LIMIT 1
  Rendered dashboards/index.html.haml within layouts/application (6.0ms)
Completed 200 OK in 659ms (Views: 608.9ms | ActiveRecord: 0.8ms)


Started GET "/assets/jquery_ujs.js?body=1" for 127.0.0.1 at 2014-06-17 07:34:37 -0700


Started GET "/assets/root.css?body=1" for 127.0.0.1 at 2014-06-17 07:34:37 -0700


Started GET "/assets/jquery.js?body=1" for 127.0.0.1 at 2014-06-17 07:34:37 -0700


Started GET "/assets/application.css?body=1" for 127.0.0.1 at 2014-06-17 07:34:37 -0700


Started GET "/assets/turbolinks.js?body=1" for 127.0.0.1 at 2014-06-17 07:34:37 -0700


Started GET "/assets/application.js?body=1" for 127.0.0.1 at 2014-06-17 07:34:37 -0700


Started GET "/assets/root.js?body=1" for 127.0.0.1 at 2014-06-17 07:34:37 -0700


Started GET "/" for 127.0.0.1 at 2014-06-17 07:34:43 -0700
Processing by HomesController#show as HTML
  Rendered homes/show.html.haml within layouts/application (3.2ms)
Completed 200 OK in 9ms (Views: 8.4ms | ActiveRecord: 0.0ms)


Started GET "/assets/root.css?body=1" for 127.0.0.1 at 2014-06-17 07:34:43 -0700


Started GET "/assets/application.css?body=1" for 127.0.0.1 at 2014-06-17 07:34:43 -0700


Started GET "/assets/jquery_ujs.js?body=1" for 127.0.0.1 at 2014-06-17 07:34:43 -0700


Started GET "/assets/turbolinks.js?body=1" for 127.0.0.1 at 2014-06-17 07:34:43 -0700


Started GET "/assets/application.js?body=1" for 127.0.0.1 at 2014-06-17 07:34:43 -0700


Started GET "/assets/jquery.js?body=1" for 127.0.0.1 at 2014-06-17 07:34:43 -0700


Started GET "/assets/root.js?body=1" for 127.0.0.1 at 2014-06-17 07:34:43 -0700


Started GET "/" for 127.0.0.1 at 2014-06-17 18:26:16 -0700
Processing by HomesController#show as HTML
  Rendered homes/show.html.haml within layouts/application (6.2ms)
Completed 200 OK in 22ms (Views: 18.0ms | ActiveRecord: 0.0ms)


Started GET "/assets/root.css?body=1" for 127.0.0.1 at 2014-06-17 18:26:17 -0700


Started GET "/assets/jquery_ujs.js?body=1" for 127.0.0.1 at 2014-06-17 18:26:17 -0700


Started GET "/assets/application.css?body=1" for 127.0.0.1 at 2014-06-17 18:26:17 -0700


Started GET "/assets/application.js?body=1" for 127.0.0.1 at 2014-06-17 18:26:17 -0700


Started GET "/assets/root.js?body=1" for 127.0.0.1 at 2014-06-17 18:26:17 -0700


Started GET "/assets/jquery.js?body=1" for 127.0.0.1 at 2014-06-17 18:26:17 -0700


Started GET "/assets/turbolinks.js?body=1" for 127.0.0.1 at 2014-06-17 18:26:17 -0700
  [1m[36mUser Load (4.3ms)[0m  [1mSELECT "users".* FROM "users"[0m


Started POST "/users/sign_in" for 127.0.0.1 at 2014-06-17 18:26:48 -0700
Processing by Devise::SessionsController#create as HTML
  Parameters: {"utf8"=>"✓", "authenticity_token"=>"T9p7oHYRTUKG4QNnIdilFqksPDavkUqbJfPmFb5TCmE=", "user"=>{"email"=>"fake@here.com", "password"=>"[FILTERED]"}}
  [1m[36mUser Load (0.3ms)[0m  [1mSELECT "users".* FROM "users" WHERE "users"."id" = 1 ORDER BY "users"."id" ASC LIMIT 1[0m
Redirected to http://localhost:3000/dashboards
Filter chain halted as :require_no_authentication rendered or redirected
Completed 302 Found in 58ms (ActiveRecord: 1.6ms)


Started GET "/dashboards" for 127.0.0.1 at 2014-06-17 18:26:48 -0700
Processing by DashboardsController#index as HTML
  [1m[35mUser Load (0.2ms)[0m  SELECT "users".* FROM "users" WHERE "users"."id" = 1 ORDER BY "users"."id" ASC LIMIT 1
  Rendered dashboards/index.html.haml within layouts/application (0.6ms)
Completed 200 OK in 10ms (Views: 7.6ms | ActiveRecord: 0.2ms)


Started GET "/assets/jquery.js?body=1" for 127.0.0.1 at 2014-06-17 18:26:49 -0700


Started GET "/assets/root.css?body=1" for 127.0.0.1 at 2014-06-17 18:26:49 -0700


Started GET "/assets/jquery_ujs.js?body=1" for 127.0.0.1 at 2014-06-17 18:26:49 -0700


Started GET "/assets/turbolinks.js?body=1" for 127.0.0.1 at 2014-06-17 18:26:49 -0700


Started GET "/assets/application.js?body=1" for 127.0.0.1 at 2014-06-17 18:26:49 -0700


Started GET "/assets/application.css?body=1" for 127.0.0.1 at 2014-06-17 18:26:49 -0700


Started GET "/assets/root.js?body=1" for 127.0.0.1 at 2014-06-17 18:26:49 -0700


Started GET "/dashboards" for 127.0.0.1 at 2014-06-17 18:29:51 -0700
Processing by DashboardsController#index as HTML
  [1m[36mUser Load (0.3ms)[0m  [1mSELECT "users".* FROM "users" WHERE "users"."id" = 1 ORDER BY "users"."id" ASC LIMIT 1[0m
  Rendered dashboards/index.html.haml within layouts/application (0.3ms)
Completed 500 Internal Server Error in 33ms

ActionView::Template::Error (Illegal element: classes and ids must have values.):
    1: #!!!html
    2: %html
    3: %head
    4:   %title Lg
  app/views/layouts/application.html.haml:1


  Rendered /Users/one/.gem/ruby/2.1.1/gems/actionpack-4.0.3/lib/action_dispatch/middleware/templates/rescues/_trace.erb (2.3ms)
  Rendered /Users/one/.gem/ruby/2.1.1/gems/actionpack-4.0.3/lib/action_dispatch/middleware/templates/rescues/_request_and_response.erb (1.5ms)
  Rendered /Users/one/.gem/ruby/2.1.1/gems/actionpack-4.0.3/lib/action_dispatch/middleware/templates/rescues/template_error.erb within rescues/layout (21.5ms)


Started GET "/dashboards" for 127.0.0.1 at 2014-06-17 18:30:09 -0700
Processing by DashboardsController#index as HTML
  [1m[35mUser Load (0.3ms)[0m  SELECT "users".* FROM "users" WHERE "users"."id" = 1 ORDER BY "users"."id" ASC LIMIT 1
  Rendered dashboards/index.html.haml within layouts/application (0.1ms)
Completed 200 OK in 11ms (Views: 8.4ms | ActiveRecord: 0.3ms)


Started GET "/assets/application.css?body=1" for 127.0.0.1 at 2014-06-17 18:30:10 -0700


Started GET "/assets/root.css?body=1" for 127.0.0.1 at 2014-06-17 18:30:10 -0700


Started GET "/assets/jquery.js?body=1" for 127.0.0.1 at 2014-06-17 18:30:10 -0700


Started GET "/assets/jquery_ujs.js?body=1" for 127.0.0.1 at 2014-06-17 18:30:10 -0700


Started GET "/assets/turbolinks.js?body=1" for 127.0.0.1 at 2014-06-17 18:30:10 -0700


Started GET "/assets/root.js?body=1" for 127.0.0.1 at 2014-06-17 18:30:10 -0700


Started GET "/assets/application.js?body=1" for 127.0.0.1 at 2014-06-17 18:30:10 -0700


Started GET "/dashboards" for 127.0.0.1 at 2014-06-17 18:51:00 -0700
Processing by DashboardsController#index as HTML
  [1m[36mUser Load (0.2ms)[0m  [1mSELECT "users".* FROM "users" WHERE "users"."id" = 1 ORDER BY "users"."id" ASC LIMIT 1[0m
  Rendered dashboards/index.html.haml within layouts/application (1.1ms)
Completed 200 OK in 33ms (Views: 6.1ms | ActiveRecord: 1.0ms)


Started GET "/assets/application.css?body=1" for 127.0.0.1 at 2014-06-17 18:51:01 -0700


Started GET "/assets/root.css?body=1" for 127.0.0.1 at 2014-06-17 18:51:01 -0700


Started GET "/assets/application.js?body=1" for 127.0.0.1 at 2014-06-17 18:51:01 -0700


Started GET "/assets/jquery_ujs.js?body=1" for 127.0.0.1 at 2014-06-17 18:51:01 -0700


Started GET "/assets/jquery.js?body=1" for 127.0.0.1 at 2014-06-17 18:51:01 -0700


Started GET "/assets/turbolinks.js?body=1" for 127.0.0.1 at 2014-06-17 18:51:01 -0700


Started GET "/assets/root.js?body=1" for 127.0.0.1 at 2014-06-17 18:51:01 -0700


Started GET "/dashboards" for 127.0.0.1 at 2014-06-17 18:51:19 -0700
Processing by DashboardsController#index as HTML
  [1m[35mUser Load (0.3ms)[0m  SELECT "users".* FROM "users" WHERE "users"."id" = 1 ORDER BY "users"."id" ASC LIMIT 1
  Rendered dashboards/index.html.haml within layouts/application (1.7ms)
Completed 200 OK in 12ms (Views: 9.3ms | ActiveRecord: 0.3ms)


Started GET "/assets/application.css?body=1" for 127.0.0.1 at 2014-06-17 18:51:19 -0700


Started GET "/assets/jquery_ujs.js?body=1" for 127.0.0.1 at 2014-06-17 18:51:19 -0700


Started GET "/assets/jquery.js?body=1" for 127.0.0.1 at 2014-06-17 18:51:19 -0700


Started GET "/assets/turbolinks.js?body=1" for 127.0.0.1 at 2014-06-17 18:51:19 -0700


Started GET "/assets/root.css?body=1" for 127.0.0.1 at 2014-06-17 18:51:19 -0700


Started GET "/assets/application.js?body=1" for 127.0.0.1 at 2014-06-17 18:51:19 -0700


Started GET "/assets/root.js?body=1" for 127.0.0.1 at 2014-06-17 18:51:19 -0700


Started GET "/dashboards" for 127.0.0.1 at 2014-06-17 18:52:54 -0700
Processing by DashboardsController#index as HTML
  [1m[36mUser Load (0.2ms)[0m  [1mSELECT "users".* FROM "users" WHERE "users"."id" = 1 ORDER BY "users"."id" ASC LIMIT 1[0m
  Rendered dashboards/index.html.haml within layouts/application (1.0ms)
Completed 200 OK in 8ms (Views: 5.9ms | ActiveRecord: 0.2ms)


Started GET "/assets/root.css?body=1" for 127.0.0.1 at 2014-06-17 18:52:55 -0700


Started GET "/assets/application.css?body=1" for 127.0.0.1 at 2014-06-17 18:52:55 -0700


Started GET "/assets/jquery.js?body=1" for 127.0.0.1 at 2014-06-17 18:52:55 -0700


Started GET "/assets/turbolinks.js?body=1" for 127.0.0.1 at 2014-06-17 18:52:55 -0700


Started GET "/assets/jquery_ujs.js?body=1" for 127.0.0.1 at 2014-06-17 18:52:55 -0700


Started GET "/assets/root.js?body=1" for 127.0.0.1 at 2014-06-17 18:52:55 -0700


Started GET "/assets/application.js?body=1" for 127.0.0.1 at 2014-06-17 18:52:55 -0700


Started GET "/dashboards" for 127.0.0.1 at 2014-06-17 18:53:00 -0700
Processing by DashboardsController#index as HTML
  [1m[35mUser Load (0.3ms)[0m  SELECT "users".* FROM "users" WHERE "users"."id" = 1 ORDER BY "users"."id" ASC LIMIT 1
  Rendered dashboards/index.html.haml within layouts/application (1.4ms)
Completed 200 OK in 14ms (Views: 11.4ms | ActiveRecord: 0.3ms)


Started GET "/assets/root.css?body=1" for 127.0.0.1 at 2014-06-17 18:53:01 -0700


Started GET "/assets/jquery_ujs.js?body=1" for 127.0.0.1 at 2014-06-17 18:53:01 -0700


Started GET "/assets/jquery.js?body=1" for 127.0.0.1 at 2014-06-17 18:53:01 -0700


Started GET "/assets/application.css?body=1" for 127.0.0.1 at 2014-06-17 18:53:01 -0700


Started GET "/assets/root.js?body=1" for 127.0.0.1 at 2014-06-17 18:53:01 -0700


Started GET "/assets/turbolinks.js?body=1" for 127.0.0.1 at 2014-06-17 18:53:01 -0700


Started GET "/assets/application.js?body=1" for 127.0.0.1 at 2014-06-17 18:53:01 -0700


Started GET "/dashboards" for 127.0.0.1 at 2014-06-17 18:53:02 -0700
Processing by DashboardsController#index as HTML
  [1m[36mUser Load (0.3ms)[0m  [1mSELECT "users".* FROM "users" WHERE "users"."id" = 1 ORDER BY "users"."id" ASC LIMIT 1[0m
  Rendered dashboards/index.html.haml within layouts/application (1.5ms)
Completed 200 OK in 12ms (Views: 10.0ms | ActiveRecord: 0.3ms)


Started GET "/assets/application.css?body=1" for 127.0.0.1 at 2014-06-17 18:53:02 -0700


Started GET "/assets/root.css?body=1" for 127.0.0.1 at 2014-06-17 18:53:02 -0700


Started GET "/assets/jquery_ujs.js?body=1" for 127.0.0.1 at 2014-06-17 18:53:02 -0700


Started GET "/assets/root.js?body=1" for 127.0.0.1 at 2014-06-17 18:53:02 -0700


Started GET "/assets/jquery.js?body=1" for 127.0.0.1 at 2014-06-17 18:53:02 -0700


Started GET "/assets/turbolinks.js?body=1" for 127.0.0.1 at 2014-06-17 18:53:02 -0700


Started GET "/assets/application.js?body=1" for 127.0.0.1 at 2014-06-17 18:53:02 -0700


Started GET "/dashboards" for 127.0.0.1 at 2014-06-17 18:53:11 -0700
Processing by DashboardsController#index as HTML
  [1m[35mUser Load (0.3ms)[0m  SELECT "users".* FROM "users" WHERE "users"."id" = 1 ORDER BY "users"."id" ASC LIMIT 1
  Rendered dashboards/index.html.haml within layouts/application (1.9ms)
Completed 200 OK in 11ms (Views: 8.8ms | ActiveRecord: 0.3ms)


Started GET "/assets/root.css?body=1" for 127.0.0.1 at 2014-06-17 18:53:12 -0700


Started GET "/assets/jquery.js?body=1" for 127.0.0.1 at 2014-06-17 18:53:12 -0700


Started GET "/assets/application.css?body=1" for 127.0.0.1 at 2014-06-17 18:53:12 -0700


Started GET "/assets/turbolinks.js?body=1" for 127.0.0.1 at 2014-06-17 18:53:12 -0700


Started GET "/assets/root.js?body=1" for 127.0.0.1 at 2014-06-17 18:53:12 -0700


Started GET "/assets/jquery_ujs.js?body=1" for 127.0.0.1 at 2014-06-17 18:53:12 -0700


Started GET "/assets/application.js?body=1" for 127.0.0.1 at 2014-06-17 18:53:12 -0700


Started GET "/dashboards" for 127.0.0.1 at 2014-06-17 18:53:36 -0700
Processing by DashboardsController#index as HTML
  [1m[36mUser Load (0.3ms)[0m  [1mSELECT "users".* FROM "users" WHERE "users"."id" = 1 ORDER BY "users"."id" ASC LIMIT 1[0m
ERROR: compiling _app_views_dashboards_index_html_haml__306649109653564106_70123015811020 RAISED /Users/one/Dropbox/Dev/lg/app/views/dashboards/index.html.haml:1: dynamic constant assignment
...alse_true_false_true_false((Hi, @first_name
...                               ^
/Users/one/Dropbox/Dev/lg/app/views/dashboards/index.html.haml:1: syntax error, unexpected '\n', expecting '='
/Users/one/Dropbox/Dev/lg/app/views/dashboards/index.html.haml:2: unterminated string meets end of file
/Users/one/Dropbox/Dev/lg/app/views/dashboards/index.html.haml:2: syntax error, unexpected end-of-input, expecting ')'
Function body:           def _app_views_dashboards_index_html_haml__306649109653564106_70123015811020(local_assigns, output_buffer)
            _old_virtual_path, @virtual_path = @virtual_path, "dashboards/index";_old_output_buffer = @output_buffer;;begin;extend Haml::Helpers;_hamlout = @haml_buffer = Haml::Buffer.new(haml_buffer, {:autoclose=>["area", "base", "basefont", "br", "col", "command", "embed", "frame", "hr", "img", "input", "isindex", "keygen", "link", "menuitem", "meta", "param", "source", "track", "wbr"], :preserve=>["textarea", "pre", "code"], :attr_wrapper=>"'", :ugly=>false, :format=>:html5, :encoding=>"UTF-8", :escape_html=>true, :escape_attrs=>true, :hyphenate_data_attrs=>true, :cdata=>false});_erbout = _hamlout.buffer;@output_buffer = output_buffer ||= ActionView::OutputBuffer.new rescue nil;;_hamlout.push_text("#{_hamlout.format_script_false_false_false_true_false_true_false((Hi, @first_name
));}\n", 0, false);::Haml::Util.html_safe(_erbout);ensure;@haml_buffer = @haml_buffer.upper if @haml_buffer;end;
          ensure
            @virtual_path, @output_buffer = _old_virtual_path, _old_output_buffer
          end

Backtrace: /Users/one/.gem/ruby/2.1.1/gems/actionpack-4.0.3/lib/action_view/template.rb:299:in `module_eval'
/Users/one/.gem/ruby/2.1.1/gems/actionpack-4.0.3/lib/action_view/template.rb:299:in `compile'
/Users/one/.gem/ruby/2.1.1/gems/actionpack-4.0.3/lib/action_view/template.rb:248:in `block in compile!'
/Users/one/.gem/ruby/2.1.1/gems/actionpack-4.0.3/lib/action_view/template.rb:236:in `synchronize'
/Users/one/.gem/ruby/2.1.1/gems/actionpack-4.0.3/lib/action_view/template.rb:236:in `compile!'
/Users/one/.gem/ruby/2.1.1/gems/actionpack-4.0.3/lib/action_view/template.rb:142:in `block in render'
/Users/one/.gem/ruby/2.1.1/gems/activesupport-4.0.3/lib/active_support/notifications.rb:161:in `instrument'
/Users/one/.gem/ruby/2.1.1/gems/actionpack-4.0.3/lib/action_view/template.rb:141:in `render'
/Users/one/.gem/ruby/2.1.1/gems/actionpack-4.0.3/lib/action_view/renderer/template_renderer.rb:49:in `block (2 levels) in render_template'
/Users/one/.gem/ruby/2.1.1/gems/actionpack-4.0.3/lib/action_view/renderer/abstract_renderer.rb:38:in `block in instrument'
/Users/one/.gem/ruby/2.1.1/gems/activesupport-4.0.3/lib/active_support/notifications.rb:159:in `block in instrument'
/Users/one/.gem/ruby/2.1.1/gems/activesupport-4.0.3/lib/active_support/notifications/instrumenter.rb:20:in `instrument'
/Users/one/.gem/ruby/2.1.1/gems/activesupport-4.0.3/lib/active_support/notifications.rb:159:in `instrument'
/Users/one/.gem/ruby/2.1.1/gems/actionpack-4.0.3/lib/action_view/renderer/abstract_renderer.rb:38:in `instrument'
/Users/one/.gem/ruby/2.1.1/gems/actionpack-4.0.3/lib/action_view/renderer/template_renderer.rb:48:in `block in render_template'
/Users/one/.gem/ruby/2.1.1/gems/actionpack-4.0.3/lib/action_view/renderer/template_renderer.rb:56:in `render_with_layout'
/Users/one/.gem/ruby/2.1.1/gems/actionpack-4.0.3/lib/action_view/renderer/template_renderer.rb:47:in `render_template'
/Users/one/.gem/ruby/2.1.1/gems/actionpack-4.0.3/lib/action_view/renderer/template_renderer.rb:17:in `render'
/Users/one/.gem/ruby/2.1.1/gems/actionpack-4.0.3/lib/action_view/renderer/renderer.rb:42:in `render_template'
/Users/one/.gem/ruby/2.1.1/gems/actionpack-4.0.3/lib/action_view/renderer/renderer.rb:23:in `render'
/Users/one/.gem/ruby/2.1.1/gems/actionpack-4.0.3/lib/abstract_controller/rendering.rb:127:in `_render_template'
/Users/one/.gem/ruby/2.1.1/gems/actionpack-4.0.3/lib/action_controller/metal/streaming.rb:219:in `_render_template'
/Users/one/.gem/ruby/2.1.1/gems/actionpack-4.0.3/lib/abstract_controller/rendering.rb:120:in `render_to_body'
/Users/one/.gem/ruby/2.1.1/gems/actionpack-4.0.3/lib/action_controller/metal/rendering.rb:33:in `render_to_body'
/Users/one/.gem/ruby/2.1.1/gems/actionpack-4.0.3/lib/action_controller/metal/renderers.rb:26:in `render_to_body'
/Users/one/.gem/ruby/2.1.1/gems/actionpack-4.0.3/lib/abstract_controller/rendering.rb:97:in `render'
/Users/one/.gem/ruby/2.1.1/gems/actionpack-4.0.3/lib/action_controller/metal/rendering.rb:16:in `render'
/Users/one/.gem/ruby/2.1.1/gems/actionpack-4.0.3/lib/action_controller/metal/instrumentation.rb:41:in `block (2 levels) in render'
/Users/one/.gem/ruby/2.1.1/gems/activesupport-4.0.3/lib/active_support/core_ext/benchmark.rb:12:in `block in ms'
/Users/one/.rubies/ruby-2.1.1/lib/ruby/2.1.0/benchmark.rb:294:in `realtime'
/Users/one/.gem/ruby/2.1.1/gems/activesupport-4.0.3/lib/active_support/core_ext/benchmark.rb:12:in `ms'
/Users/one/.gem/ruby/2.1.1/gems/actionpack-4.0.3/lib/action_controller/metal/instrumentation.rb:41:in `block in render'
/Users/one/.gem/ruby/2.1.1/gems/actionpack-4.0.3/lib/action_controller/metal/instrumentation.rb:84:in `cleanup_view_runtime'
/Users/one/.gem/ruby/2.1.1/gems/activerecord-4.0.3/lib/active_record/railties/controller_runtime.rb:25:in `cleanup_view_runtime'
/Users/one/.gem/ruby/2.1.1/gems/actionpack-4.0.3/lib/action_controller/metal/instrumentation.rb:40:in `render'
/Users/one/.gem/ruby/2.1.1/gems/actionpack-4.0.3/lib/action_controller/metal/implicit_render.rb:10:in `default_render'
/Users/one/.gem/ruby/2.1.1/gems/actionpack-4.0.3/lib/action_controller/metal/implicit_render.rb:5:in `send_action'
/Users/one/.gem/ruby/2.1.1/gems/actionpack-4.0.3/lib/abstract_controller/base.rb:189:in `process_action'
/Users/one/.gem/ruby/2.1.1/gems/actionpack-4.0.3/lib/action_controller/metal/rendering.rb:10:in `process_action'
/Users/one/.gem/ruby/2.1.1/gems/actionpack-4.0.3/lib/abstract_controller/callbacks.rb:18:in `block in process_action'
/Users/one/.gem/ruby/2.1.1/gems/activesupport-4.0.3/lib/active_support/callbacks.rb:413:in `_run__3439556527186873652__process_action__callbacks'
/Users/one/.gem/ruby/2.1.1/gems/activesupport-4.0.3/lib/active_support/callbacks.rb:80:in `run_callbacks'
/Users/one/.gem/ruby/2.1.1/gems/actionpack-4.0.3/lib/abstract_controller/callbacks.rb:17:in `process_action'
/Users/one/.gem/ruby/2.1.1/gems/actionpack-4.0.3/lib/action_controller/metal/rescue.rb:29:in `process_action'
/Users/one/.gem/ruby/2.1.1/gems/actionpack-4.0.3/lib/action_controller/metal/instrumentation.rb:31:in `block in process_action'
/Users/one/.gem/ruby/2.1.1/gems/activesupport-4.0.3/lib/active_support/notifications.rb:159:in `block in instrument'
/Users/one/.gem/ruby/2.1.1/gems/activesupport-4.0.3/lib/active_support/notifications/instrumenter.rb:20:in `instrument'
/Users/one/.gem/ruby/2.1.1/gems/activesupport-4.0.3/lib/active_support/notifications.rb:159:in `instrument'
/Users/one/.gem/ruby/2.1.1/gems/actionpack-4.0.3/lib/action_controller/metal/instrumentation.rb:30:in `process_action'
/Users/one/.gem/ruby/2.1.1/gems/actionpack-4.0.3/lib/action_controller/metal/params_wrapper.rb:245:in `process_action'
/Users/one/.gem/ruby/2.1.1/gems/activerecord-4.0.3/lib/active_record/railties/controller_runtime.rb:18:in `process_action'
/Users/one/.gem/ruby/2.1.1/gems/actionpack-4.0.3/lib/abstract_controller/base.rb:136:in `process'
/Users/one/.gem/ruby/2.1.1/gems/actionpack-4.0.3/lib/abstract_controller/rendering.rb:44:in `process'
/Users/one/.gem/ruby/2.1.1/gems/actionpack-4.0.3/lib/action_controller/metal.rb:195:in `dispatch'
/Users/one/.gem/ruby/2.1.1/gems/actionpack-4.0.3/lib/action_controller/metal/rack_delegation.rb:13:in `dispatch'
/Users/one/.gem/ruby/2.1.1/gems/actionpack-4.0.3/lib/action_controller/metal.rb:231:in `block in action'
/Users/one/.gem/ruby/2.1.1/gems/actionpack-4.0.3/lib/action_dispatch/routing/route_set.rb:80:in `call'
/Users/one/.gem/ruby/2.1.1/gems/actionpack-4.0.3/lib/action_dispatch/routing/route_set.rb:80:in `dispatch'
/Users/one/.gem/ruby/2.1.1/gems/actionpack-4.0.3/lib/action_dispatch/routing/route_set.rb:48:in `call'
/Users/one/.gem/ruby/2.1.1/gems/actionpack-4.0.3/lib/action_dispatch/journey/router.rb:71:in `block in call'
/Users/one/.gem/ruby/2.1.1/gems/actionpack-4.0.3/lib/action_dispatch/journey/router.rb:59:in `each'
/Users/one/.gem/ruby/2.1.1/gems/actionpack-4.0.3/lib/action_dispatch/journey/router.rb:59:in `call'
/Users/one/.gem/ruby/2.1.1/gems/actionpack-4.0.3/lib/action_dispatch/routing/route_set.rb:680:in `call'
/Users/one/.gem/ruby/2.1.1/gems/warden-1.2.3/lib/warden/manager.rb:35:in `block in call'
/Users/one/.gem/ruby/2.1.1/gems/warden-1.2.3/lib/warden/manager.rb:34:in `catch'
/Users/one/.gem/ruby/2.1.1/gems/warden-1.2.3/lib/warden/manager.rb:34:in `call'
/Users/one/.gem/ruby/2.1.1/gems/rack-1.5.2/lib/rack/etag.rb:23:in `call'
/Users/one/.gem/ruby/2.1.1/gems/rack-1.5.2/lib/rack/conditionalget.rb:25:in `call'
/Users/one/.gem/ruby/2.1.1/gems/rack-1.5.2/lib/rack/head.rb:11:in `call'
/Users/one/.gem/ruby/2.1.1/gems/actionpack-4.0.3/lib/action_dispatch/middleware/params_parser.rb:27:in `call'
/Users/one/.gem/ruby/2.1.1/gems/actionpack-4.0.3/lib/action_dispatch/middleware/flash.rb:241:in `call'
/Users/one/.gem/ruby/2.1.1/gems/rack-1.5.2/lib/rack/session/abstract/id.rb:225:in `context'
/Users/one/.gem/ruby/2.1.1/gems/rack-1.5.2/lib/rack/session/abstract/id.rb:220:in `call'
/Users/one/.gem/ruby/2.1.1/gems/actionpack-4.0.3/lib/action_dispatch/middleware/cookies.rb:486:in `call'
/Users/one/.gem/ruby/2.1.1/gems/activerecord-4.0.3/lib/active_record/query_cache.rb:36:in `call'
/Users/one/.gem/ruby/2.1.1/gems/activerecord-4.0.3/lib/active_record/connection_adapters/abstract/connection_pool.rb:626:in `call'
/Users/one/.gem/ruby/2.1.1/gems/activerecord-4.0.3/lib/active_record/migration.rb:369:in `call'
/Users/one/.gem/ruby/2.1.1/gems/actionpack-4.0.3/lib/action_dispatch/middleware/callbacks.rb:29:in `block in call'
/Users/one/.gem/ruby/2.1.1/gems/activesupport-4.0.3/lib/active_support/callbacks.rb:373:in `_run__770165513282878314__call__callbacks'
/Users/one/.gem/ruby/2.1.1/gems/activesupport-4.0.3/lib/active_support/callbacks.rb:80:in `run_callbacks'
/Users/one/.gem/ruby/2.1.1/gems/actionpack-4.0.3/lib/action_dispatch/middleware/callbacks.rb:27:in `call'
/Users/one/.gem/ruby/2.1.1/gems/actionpack-4.0.3/lib/action_dispatch/middleware/reloader.rb:64:in `call'
/Users/one/.gem/ruby/2.1.1/gems/actionpack-4.0.3/lib/action_dispatch/middleware/remote_ip.rb:76:in `call'
/Users/one/.gem/ruby/2.1.1/gems/actionpack-4.0.3/lib/action_dispatch/middleware/debug_exceptions.rb:17:in `call'
/Users/one/.gem/ruby/2.1.1/gems/actionpack-4.0.3/lib/action_dispatch/middleware/show_exceptions.rb:30:in `call'
/Users/one/.gem/ruby/2.1.1/gems/railties-4.0.3/lib/rails/rack/logger.rb:38:in `call_app'
/Users/one/.gem/ruby/2.1.1/gems/railties-4.0.3/lib/rails/rack/logger.rb:20:in `block in call'
/Users/one/.gem/ruby/2.1.1/gems/activesupport-4.0.3/lib/active_support/tagged_logging.rb:67:in `block in tagged'
/Users/one/.gem/ruby/2.1.1/gems/activesupport-4.0.3/lib/active_support/tagged_logging.rb:25:in `tagged'
/Users/one/.gem/ruby/2.1.1/gems/activesupport-4.0.3/lib/active_support/tagged_logging.rb:67:in `tagged'
/Users/one/.gem/ruby/2.1.1/gems/railties-4.0.3/lib/rails/rack/logger.rb:20:in `call'
/Users/one/.gem/ruby/2.1.1/gems/actionpack-4.0.3/lib/action_dispatch/middleware/request_id.rb:21:in `call'
/Users/one/.gem/ruby/2.1.1/gems/rack-1.5.2/lib/rack/methodoverride.rb:21:in `call'
/Users/one/.gem/ruby/2.1.1/gems/rack-1.5.2/lib/rack/runtime.rb:17:in `call'
/Users/one/.gem/ruby/2.1.1/gems/activesupport-4.0.3/lib/active_support/cache/strategy/local_cache.rb:83:in `call'
/Users/one/.gem/ruby/2.1.1/gems/rack-1.5.2/lib/rack/lock.rb:17:in `call'
/Users/one/.gem/ruby/2.1.1/gems/actionpack-4.0.3/lib/action_dispatch/middleware/static.rb:64:in `call'
/Users/one/.gem/ruby/2.1.1/gems/rack-1.5.2/lib/rack/sendfile.rb:112:in `call'
/Users/one/.gem/ruby/2.1.1/gems/railties-4.0.3/lib/rails/engine.rb:511:in `call'
/Users/one/.gem/ruby/2.1.1/gems/railties-4.0.3/lib/rails/application.rb:97:in `call'
/Users/one/.gem/ruby/2.1.1/gems/rack-1.5.2/lib/rack/lock.rb:17:in `call'
/Users/one/.gem/ruby/2.1.1/gems/rack-1.5.2/lib/rack/content_length.rb:14:in `call'
/Users/one/.gem/ruby/2.1.1/gems/rack-1.5.2/lib/rack/handler/webrick.rb:60:in `service'
/Users/one/.rubies/ruby-2.1.1/lib/ruby/2.1.0/webrick/httpserver.rb:138:in `service'
/Users/one/.rubies/ruby-2.1.1/lib/ruby/2.1.0/webrick/httpserver.rb:94:in `run'
/Users/one/.rubies/ruby-2.1.1/lib/ruby/2.1.0/webrick/server.rb:295:in `block in start_thread'
  Rendered dashboards/index.html.haml within layouts/application (5.7ms)
Completed 500 Internal Server Error in 11ms

ActionView::Template::Error (/Users/one/Dropbox/Dev/lg/app/views/dashboards/index.html.haml:1: dynamic constant assignment
...alse_true_false_true_false((Hi, @first_name
...                               ^
/Users/one/Dropbox/Dev/lg/app/views/dashboards/index.html.haml:1: syntax error, unexpected '\n', expecting '='
/Users/one/Dropbox/Dev/lg/app/views/dashboards/index.html.haml:2: unterminated string meets end of file
/Users/one/Dropbox/Dev/lg/app/views/dashboards/index.html.haml:2: syntax error, unexpected end-of-input, expecting ')'):
    1: =Hi, @first_name
  actionpack (4.0.3) lib/action_view/template.rb:299:in `module_eval'
  actionpack (4.0.3) lib/action_view/template.rb:299:in `compile'
  actionpack (4.0.3) lib/action_view/template.rb:248:in `block in compile!'
  actionpack (4.0.3) lib/action_view/template.rb:236:in `synchronize'
  actionpack (4.0.3) lib/action_view/template.rb:236:in `compile!'
  actionpack (4.0.3) lib/action_view/template.rb:142:in `block in render'
  activesupport (4.0.3) lib/active_support/notifications.rb:161:in `instrument'
  actionpack (4.0.3) lib/action_view/template.rb:141:in `render'
  actionpack (4.0.3) lib/action_view/renderer/template_renderer.rb:49:in `block (2 levels) in render_template'
  actionpack (4.0.3) lib/action_view/renderer/abstract_renderer.rb:38:in `block in instrument'
  activesupport (4.0.3) lib/active_support/notifications.rb:159:in `block in instrument'
  activesupport (4.0.3) lib/active_support/notifications/instrumenter.rb:20:in `instrument'
  activesupport (4.0.3) lib/active_support/notifications.rb:159:in `instrument'
  actionpack (4.0.3) lib/action_view/renderer/abstract_renderer.rb:38:in `instrument'
  actionpack (4.0.3) lib/action_view/renderer/template_renderer.rb:48:in `block in render_template'
  actionpack (4.0.3) lib/action_view/renderer/template_renderer.rb:56:in `render_with_layout'
  actionpack (4.0.3) lib/action_view/renderer/template_renderer.rb:47:in `render_template'
  actionpack (4.0.3) lib/action_view/renderer/template_renderer.rb:17:in `render'
  actionpack (4.0.3) lib/action_view/renderer/renderer.rb:42:in `render_template'
  actionpack (4.0.3) lib/action_view/renderer/renderer.rb:23:in `render'
  actionpack (4.0.3) lib/abstract_controller/rendering.rb:127:in `_render_template'
  actionpack (4.0.3) lib/action_controller/metal/streaming.rb:219:in `_render_template'
  actionpack (4.0.3) lib/abstract_controller/rendering.rb:120:in `render_to_body'
  actionpack (4.0.3) lib/action_controller/metal/rendering.rb:33:in `render_to_body'
  actionpack (4.0.3) lib/action_controller/metal/renderers.rb:26:in `render_to_body'
  actionpack (4.0.3) lib/abstract_controller/rendering.rb:97:in `render'
  actionpack (4.0.3) lib/action_controller/metal/rendering.rb:16:in `render'
  actionpack (4.0.3) lib/action_controller/metal/instrumentation.rb:41:in `block (2 levels) in render'
  activesupport (4.0.3) lib/active_support/core_ext/benchmark.rb:12:in `block in ms'
  /Users/one/.rubies/ruby-2.1.1/lib/ruby/2.1.0/benchmark.rb:294:in `realtime'
  activesupport (4.0.3) lib/active_support/core_ext/benchmark.rb:12:in `ms'
  actionpack (4.0.3) lib/action_controller/metal/instrumentation.rb:41:in `block in render'
  actionpack (4.0.3) lib/action_controller/metal/instrumentation.rb:84:in `cleanup_view_runtime'
  activerecord (4.0.3) lib/active_record/railties/controller_runtime.rb:25:in `cleanup_view_runtime'
  actionpack (4.0.3) lib/action_controller/metal/instrumentation.rb:40:in `render'
  actionpack (4.0.3) lib/action_controller/metal/implicit_render.rb:10:in `default_render'
  actionpack (4.0.3) lib/action_controller/metal/implicit_render.rb:5:in `send_action'
  actionpack (4.0.3) lib/abstract_controller/base.rb:189:in `process_action'
  actionpack (4.0.3) lib/action_controller/metal/rendering.rb:10:in `process_action'
  actionpack (4.0.3) lib/abstract_controller/callbacks.rb:18:in `block in process_action'
  activesupport (4.0.3) lib/active_support/callbacks.rb:413:in `_run__3439556527186873652__process_action__callbacks'
  activesupport (4.0.3) lib/active_support/callbacks.rb:80:in `run_callbacks'
  actionpack (4.0.3) lib/abstract_controller/callbacks.rb:17:in `process_action'
  actionpack (4.0.3) lib/action_controller/metal/rescue.rb:29:in `process_action'
  actionpack (4.0.3) lib/action_controller/metal/instrumentation.rb:31:in `block in process_action'
  activesupport (4.0.3) lib/active_support/notifications.rb:159:in `block in instrument'
  activesupport (4.0.3) lib/active_support/notifications/instrumenter.rb:20:in `instrument'
  activesupport (4.0.3) lib/active_support/notifications.rb:159:in `instrument'
  actionpack (4.0.3) lib/action_controller/metal/instrumentation.rb:30:in `process_action'
  actionpack (4.0.3) lib/action_controller/metal/params_wrapper.rb:245:in `process_action'
  activerecord (4.0.3) lib/active_record/railties/controller_runtime.rb:18:in `process_action'
  actionpack (4.0.3) lib/abstract_controller/base.rb:136:in `process'
  actionpack (4.0.3) lib/abstract_controller/rendering.rb:44:in `process'
  actionpack (4.0.3) lib/action_controller/metal.rb:195:in `dispatch'
  actionpack (4.0.3) lib/action_controller/metal/rack_delegation.rb:13:in `dispatch'
  actionpack (4.0.3) lib/action_controller/metal.rb:231:in `block in action'
  actionpack (4.0.3) lib/action_dispatch/routing/route_set.rb:80:in `call'
  actionpack (4.0.3) lib/action_dispatch/routing/route_set.rb:80:in `dispatch'
  actionpack (4.0.3) lib/action_dispatch/routing/route_set.rb:48:in `call'
  actionpack (4.0.3) lib/action_dispatch/journey/router.rb:71:in `block in call'
  actionpack (4.0.3) lib/action_dispatch/journey/router.rb:59:in `each'
  actionpack (4.0.3) lib/action_dispatch/journey/router.rb:59:in `call'
  actionpack (4.0.3) lib/action_dispatch/routing/route_set.rb:680:in `call'
  warden (1.2.3) lib/warden/manager.rb:35:in `block in call'
  warden (1.2.3) lib/warden/manager.rb:34:in `catch'
  warden (1.2.3) lib/warden/manager.rb:34:in `call'
  rack (1.5.2) lib/rack/etag.rb:23:in `call'
  rack (1.5.2) lib/rack/conditionalget.rb:25:in `call'
  rack (1.5.2) lib/rack/head.rb:11:in `call'
  actionpack (4.0.3) lib/action_dispatch/middleware/params_parser.rb:27:in `call'
  actionpack (4.0.3) lib/action_dispatch/middleware/flash.rb:241:in `call'
  rack (1.5.2) lib/rack/session/abstract/id.rb:225:in `context'
  rack (1.5.2) lib/rack/session/abstract/id.rb:220:in `call'
  actionpack (4.0.3) lib/action_dispatch/middleware/cookies.rb:486:in `call'
  activerecord (4.0.3) lib/active_record/query_cache.rb:36:in `call'
  activerecord (4.0.3) lib/active_record/connection_adapters/abstract/connection_pool.rb:626:in `call'
  activerecord (4.0.3) lib/active_record/migration.rb:369:in `call'
  actionpack (4.0.3) lib/action_dispatch/middleware/callbacks.rb:29:in `block in call'
  activesupport (4.0.3) lib/active_support/callbacks.rb:373:in `_run__770165513282878314__call__callbacks'
  activesupport (4.0.3) lib/active_support/callbacks.rb:80:in `run_callbacks'
  actionpack (4.0.3) lib/action_dispatch/middleware/callbacks.rb:27:in `call'
  actionpack (4.0.3) lib/action_dispatch/middleware/reloader.rb:64:in `call'
  actionpack (4.0.3) lib/action_dispatch/middleware/remote_ip.rb:76:in `call'
  actionpack (4.0.3) lib/action_dispatch/middleware/debug_exceptions.rb:17:in `call'
  actionpack (4.0.3) lib/action_dispatch/middleware/show_exceptions.rb:30:in `call'
  railties (4.0.3) lib/rails/rack/logger.rb:38:in `call_app'
  railties (4.0.3) lib/rails/rack/logger.rb:20:in `block in call'
  activesupport (4.0.3) lib/active_support/tagged_logging.rb:67:in `block in tagged'
  activesupport (4.0.3) lib/active_support/tagged_logging.rb:25:in `tagged'
  activesupport (4.0.3) lib/active_support/tagged_logging.rb:67:in `tagged'
  railties (4.0.3) lib/rails/rack/logger.rb:20:in `call'
  actionpack (4.0.3) lib/action_dispatch/middleware/request_id.rb:21:in `call'
  rack (1.5.2) lib/rack/methodoverride.rb:21:in `call'
  rack (1.5.2) lib/rack/runtime.rb:17:in `call'
  activesupport (4.0.3) lib/active_support/cache/strategy/local_cache.rb:83:in `call'
  rack (1.5.2) lib/rack/lock.rb:17:in `call'
  actionpack (4.0.3) lib/action_dispatch/middleware/static.rb:64:in `call'
  rack (1.5.2) lib/rack/sendfile.rb:112:in `call'
  railties (4.0.3) lib/rails/engine.rb:511:in `call'
  railties (4.0.3) lib/rails/application.rb:97:in `call'
  rack (1.5.2) lib/rack/lock.rb:17:in `call'
  rack (1.5.2) lib/rack/content_length.rb:14:in `call'
  rack (1.5.2) lib/rack/handler/webrick.rb:60:in `service'
  /Users/one/.rubies/ruby-2.1.1/lib/ruby/2.1.0/webrick/httpserver.rb:138:in `service'
  /Users/one/.rubies/ruby-2.1.1/lib/ruby/2.1.0/webrick/httpserver.rb:94:in `run'
  /Users/one/.rubies/ruby-2.1.1/lib/ruby/2.1.0/webrick/server.rb:295:in `block in start_thread'


  Rendered /Users/one/.gem/ruby/2.1.1/gems/actionpack-4.0.3/lib/action_dispatch/middleware/templates/rescues/_trace.erb (1.5ms)
  Rendered /Users/one/.gem/ruby/2.1.1/gems/actionpack-4.0.3/lib/action_dispatch/middleware/templates/rescues/_request_and_response.erb (1.2ms)
  Rendered /Users/one/.gem/ruby/2.1.1/gems/actionpack-4.0.3/lib/action_dispatch/middleware/templates/rescues/template_error.erb within rescues/layout (16.8ms)


Started GET "/dashboards" for 127.0.0.1 at 2014-06-17 18:53:46 -0700
Processing by DashboardsController#index as HTML
  [1m[35mUser Load (0.2ms)[0m  SELECT "users".* FROM "users" WHERE "users"."id" = 1 ORDER BY "users"."id" ASC LIMIT 1
  Rendered dashboards/index.html.haml within layouts/application (1.0ms)
Completed 200 OK in 10ms (Views: 7.9ms | ActiveRecord: 0.2ms)


Started GET "/assets/root.css?body=1" for 127.0.0.1 at 2014-06-17 18:53:46 -0700


Started GET "/assets/jquery.js?body=1" for 127.0.0.1 at 2014-06-17 18:53:46 -0700


Started GET "/assets/jquery_ujs.js?body=1" for 127.0.0.1 at 2014-06-17 18:53:46 -0700


Started GET "/assets/turbolinks.js?body=1" for 127.0.0.1 at 2014-06-17 18:53:46 -0700


Started GET "/assets/root.js?body=1" for 127.0.0.1 at 2014-06-17 18:53:46 -0700


Started GET "/assets/application.css?body=1" for 127.0.0.1 at 2014-06-17 18:53:46 -0700


Started GET "/assets/application.js?body=1" for 127.0.0.1 at 2014-06-17 18:53:46 -0700


Started GET "/dashboards" for 127.0.0.1 at 2014-06-17 18:57:02 -0700
Processing by DashboardsController#index as HTML
  [1m[36mUser Load (0.3ms)[0m  [1mSELECT "users".* FROM "users" WHERE "users"."id" = 1 ORDER BY "users"."id" ASC LIMIT 1[0m
  Rendered dashboards/index.html.haml within layouts/application (1.7ms)
Completed 200 OK in 13ms (Views: 10.6ms | ActiveRecord: 0.3ms)


Started GET "/assets/application.css?body=1" for 127.0.0.1 at 2014-06-17 18:57:02 -0700


Started GET "/assets/jquery.js?body=1" for 127.0.0.1 at 2014-06-17 18:57:02 -0700


Started GET "/assets/turbolinks.js?body=1" for 127.0.0.1 at 2014-06-17 18:57:02 -0700


Started GET "/assets/root.css?body=1" for 127.0.0.1 at 2014-06-17 18:57:02 -0700


Started GET "/assets/jquery_ujs.js?body=1" for 127.0.0.1 at 2014-06-17 18:57:02 -0700


Started GET "/assets/root.js?body=1" for 127.0.0.1 at 2014-06-17 18:57:02 -0700


Started GET "/assets/application.js?body=1" for 127.0.0.1 at 2014-06-17 18:57:02 -0700
